<?xml version="1.0" encoding="UTF-8"?>
<!-- Generated by org.testng.reporters.JUnitReportReporter -->
<testsuite hostname="DESKTOP-03NIIQU" failures="0" tests="2" name="com.qa.testcases.GetApiTest" time="1.413" errors="0" timestamp="2021-07-28T15:00:47 IST" skipped="0">
  <testcase classname="com.qa.testcases.GetApiTest" name="getAPITestWithoutHeaders" time="1.059"/>
  <system-out/>
  <testcase classname="com.qa.testcases.GetApiTest" name="getAPITestWithHeaders" time="0.354"/>
  <system-out/>
</testsuite> <!-- com.qa.testcases.GetApiTest -->
