<?xml version="1.0" encoding="UTF-8"?>
<!-- Generated by org.testng.reporters.JUnitReportReporter -->
<testsuite hostname="DESKTOP-03NIIQU" failures="0" tests="1" name="com.qa.testcases.PostApiTest" time="1.943" errors="0" timestamp="2021-07-28T23:07:45 IST" skipped="0">
  <testcase classname="com.qa.testcases.PostApiTest" name="postAPITest" time="1.943"/>
  <system-out/>
</testsuite> <!-- com.qa.testcases.PostApiTest -->
