<?xml version="1.0" encoding="UTF-8"?>
<!-- Generated by org.testng.reporters.JUnitReportReporter -->
<testsuite hostname="DESKTOP-03NIIQU" failures="0" tests="2" name="com.qa.testcases.GetApiTest" time="2.265" errors="0" timestamp="2021-07-28T21:42:27 IST" skipped="0">
  <testcase classname="com.qa.testcases.GetApiTest" name="getAPITestWithoutHeaders" time="1.999"/>
  <system-out/>
  <testcase classname="com.qa.testcases.GetApiTest" name="getAPITestWithHeaders" time="0.266"/>
  <system-out/>
</testsuite> <!-- com.qa.testcases.GetApiTest -->
